Clicked 4300CD80
Clicked 2E00CD80
Clicked 8E1ACD80
Clicked 2219CD80
Clicked BC18CD80
Clicked FC17CD80
Clicked DE17CD80
Clicked 8B17CD80
Clicked 7D17CD80
Clicked 4117CD80
Clicked 320CCD80
Clicked 300CCD80
Clicked 2B0CCD80
Clicked E60BCD80
Clicked C40BCD80
Clicked 950BCD80
Clicked 450BCD80
Clicked 410BCD80
Clicked 350BCD80
Clicked F60ACD80
Clicked F50ACD80
Clicked 1C0ACD80
Clicked 1D0ACD80
Clicked 8E08CD80
Clicked 2F08CD80
Clicked A707CD80
Clicked A707CD80
Clicked 8C07CD80
Clicked 5E07CD80
Clicked F705CD80
Clicked 5A05CD80
Clicked 5605CD80
Clicked 5105CD80
Clicked 5105CD80
Clicked 4E05CD80
Clicked 4905CD80
Clicked 4805CD80
Clicked 3F05CD80
Clicked 2F05CD80
Clicked 2C05CD80
Clicked 2905CD80
Clicked 2505CD80
Clicked 2504CD80
Clicked F103CD80
Clicked F503CD80
Clicked 5102CD80
Clicked 4E02CD80
Clicked 2802CD80
Clicked 4B02CD80
Clicked 9B606A81
Clicked 9C606A81
Clicked A2606A81
Clicked CC606A81
Clicked F5606A81
Clicked F6606A81
Clicked 29818C80
Clicked 23828C80
Clicked 24828C80
Clicked 26828C80
Clicked 28828C80
Clicked 6B958C80
Clicked D3958C80
Clicked 9B606A81
Clicked 9C606A81
Clicked F6A07A81
Clicked F5A07A81
Clicked 2FA47A81
Clicked 16A47A81
Clicked 15A47A81
Clicked 58A77A81
Clicked 57A77A81
Clicked 4EA77A81
Clicked 43A77A81
Clicked 3FA77A81
Clicked 38A77A81
Clicked 38A77A81
Clicked 46A67A81
Clicked 12A67A81
Clicked 10A67A81
Clicked 0FA67A81
Clicked 0EA67A81
Clicked 0BA67A81
Clicked ADA57A81
Clicked 45A47A81
Clicked 2FA47A81
Clicked 17A47A81
Clicked 16A47A81
Clicked 15A47A81
Clicked 14A47A81
Clicked AFA27A81
Clicked AEA27A81
Clicked ADA27A81
Clicked 44A27A81
Clicked 1AA27A81
Clicked 11A27A81
Clicked 5FA17A81
Clicked 5EA17A81
Clicked 1FA17A81
Clicked 18A17A81
Clicked F6A07A81
Clicked F5A07A81
Clicked 24807A81
Clicked 25807A81
Clicked 28807A81
Clicked 31807A81
Clicked 31807A81
Clicked 32807A81
Clicked 36807A81
Clicked 41807A81
Clicked 42807A81
Clicked 44807A81
Clicked 4B807A81
Clicked 48807A81
Clicked DF807A81
Clicked EB807A81
Clicked B3817A81
Clicked B4817A81
Clicked B5817A81
Clicked 0D827A81
Clicked 0E827A81
Clicked 0F827A81
Clicked 10827A81
Clicked 11827A81
Clicked 12827A81
Clicked 81827A81
Clicked 82827A81
Clicked 83827A81
Clicked 98827A81
Clicked 99827A81
Clicked 8F847A81
Clicked 94847A81
Clicked 64897A81
Clicked 1F897A81
Clicked 4A8B7A81
Clicked 4E8B7A81
Clicked 528B7A81
Clicked 568B7A81
Clicked 398E7A81
Clicked 8E8E7A81
Clicked 178F7A81
Clicked 188F7A81
Clicked 198F7A81
Clicked 8F8F7A81
Clicked 928F7A81
Clicked 938F7A81
Clicked E2957A81
Clicked 30987A81
Clicked 31987A81
Clicked 33987A81
Clicked 34987A81
Clicked 35987A81
Clicked 36987A81
Clicked EF987A81
Clicked D8997A81
Clicked DB997A81
Clicked 5D9A7A81
Clicked 0A9A7A81
Clicked 629A7A81
Clicked 639A7A81
Clicked 6E9A7A81
Clicked C59B7A81
Clicked C79B7A81
Clicked 279E7A81
Clicked 289E7A81
Clicked 2C9E7A81
Clicked BE9E7A81
Clicked BF9E7A81
Clicked D99E7A81
Clicked 819F7A81
Clicked FD9F7A81
Clicked B9467A81
Clicked BA467A81
Clicked 5A5F7A81
Clicked 215F7A81
Clicked 205F7A81
Clicked 1E5F7A81
Clicked 1D5F7A81
Clicked 265E7A81
Clicked 005E7A81
Clicked FE5D7A81
Clicked FC5D7A81
Clicked FA5D7A81
Clicked EF5D7A81
Clicked ED5D7A81
Clicked E45D7A81
Clicked 965B7A81
Clicked 955B7A81
Clicked 365B7A81
Clicked 1F5B7A81
Clicked FA5A7A81
Clicked F55A7A81
Clicked F35A7A81
Clicked F15A7A81
Clicked E85A7A81
Clicked E35A7A81
Clicked A3587A81
Clicked E35A7A81
Clicked 44587A81
Clicked 39527A81
Clicked B5517A81
Clicked B4517A81
Clicked 9B517A81
Clicked 39517A81
Clicked 35517A81
Clicked B44B7A81
Clicked FD4A7A81
Clicked C24A7A81
Clicked 834A7A81
Clicked 074A7A81
Clicked AD487A81
Clicked 7D477A81
Clicked 7C477A81
Clicked 16477A81
Clicked 14477A81
Clicked 0F477A81
Clicked D7467A81
Clicked C7467A81
Clicked C9467A81
Clicked BF467A81
Clicked BE467A81
Clicked BA467A81
Clicked B9467A81
Clicked 5EE37981
Clicked 60E37981
Clicked 70E37981
Clicked 72E37981
Clicked 8AE37981
Clicked BFE37981
Clicked CFE37981
Clicked E6E37981
Clicked 01E47981
Clicked 03E47981
Clicked 05E47981
Clicked 07E47981
Clicked 09E47981
Clicked 0BE47981
Clicked 0DE47981
Clicked 1DE47981
Clicked 1EE47981
Clicked 1FE47981
Clicked 20E47981
Clicked 21E47981
Clicked 22E47981
Clicked 40FE7981
Clicked 5BFA7981
Clicked 59FA7981
Clicked 58FA7981
Clicked 56FA7981
Clicked 57FA7981
Clicked 3CFA7981
Clicked 3BFA7981
Clicked 3AFA7981
Clicked 39FA7981
Clicked 38FA7981
Clicked 37FA7981
Clicked CCF97981
Clicked B0F97981
Clicked AFF97981
Clicked AEF97981
Clicked 20F97981
Clicked 0BF97981
Clicked 53F77981
Clicked 4CF77981
Clicked 3FF77981
Clicked 3EF77981
Clicked 3DF77981
Clicked 3CF77981
Clicked 3BF77981
Clicked 3AF77981
Clicked 02F77981
Clicked 01F77981
Clicked FFF67981
Clicked 00F77981
Clicked F8F67981
Clicked F8F67981
Clicked EDF67981
Clicked ECF67981
Clicked EAF67981
Clicked 59F67981
Clicked 57F67981
Clicked 55F67981
Clicked 44F67981
Clicked 42F67981
Clicked 2FF67981
Clicked 26F67981
Clicked 24F67981
Clicked 20F67981
Clicked F0F57981
Clicked 46F47981
Clicked D2F37981
Clicked CAF17981
Clicked 66F07981
Clicked 57F07981
Clicked 56F07981
Clicked 3FEF7981
Clicked 3EEF7981
Clicked 3BEF7981
Clicked 3AEF7981
Clicked EBEE7981
Clicked A1EE7981
Clicked 81EE7981
Clicked 6FE57981
Clicked 6EE57981
Clicked 6DE57981
Clicked 6BE57981
Clicked 69E57981
Clicked 61E57981
Clicked 68E57981
Clicked 58E57981
Clicked 4FE57981
Clicked 4EE57981
Clicked 4DE57981
Clicked 4CE57981
Clicked 4BE57981
Clicked CAE47981
Clicked 23E47981
Clicked C9E00881
Clicked DBE00881
Clicked 07E10881
Clicked 08E10881
Clicked 5FE30881
Clicked 5CF70881
Clicked 5BF70881
Clicked 5AF70881
Clicked 57F70881
Clicked B8F40881
Clicked 22F20881
Clicked 21F20881
Clicked 04F20881
Clicked 01F20881
Clicked F8F10881
Clicked A3F10881
Clicked 09F00881
Clicked 08F00881
Clicked 07F00881
Clicked 05F00881
Clicked 06F00881
Clicked 05F00881
Clicked 04F00881
Clicked 03F00881
Clicked 02F00881
Clicked 01F00881
Clicked 00F00881
Clicked FFEF0881
Clicked FEEF0881
Clicked FDEF0881
Clicked FCEF0881
Clicked F6EF0881
Clicked F5EF0881
Clicked F4EF0881
Clicked BFEF0881
Clicked 71EF0881
Clicked 6EEF0881
Clicked 6AEF0881
Clicked 84E40881
Clicked 9BE40881
Clicked 9CE40881
Clicked 9DE40881
Clicked B1E40881
Clicked B9E50881
Clicked 93EB0881
Clicked BBEB0881
Clicked C6EB0881
Clicked 93620981
Clicked 09630981
Clicked 08630981
Clicked 07630981
Clicked 06630981
Clicked 4E630981
Clicked 55630981
Clicked 34640981
Clicked 25660981
Clicked 4D660981
Clicked 56660981
Clicked 63660981
Clicked 63670981
Clicked 6F670981
Clicked 1E6A0981
Clicked 336A0981
Clicked FD780981
Clicked FE780981
Clicked FF780981
Clicked 01790981
Clicked 86790981
Clicked 4E630981
Clicked 07630981
Clicked 06630981
Clicked 05630981
Clicked 93620981
Clicked 19000B81
Clicked 1E000B81
Clicked 1D000B81
Clicked 1F000B81
Clicked 20000B81
Clicked D6030B81
Clicked 6B070B81
Clicked 6C070B81
Clicked 6D070B81
Clicked 6E070B81
Clicked 6F070B81
Clicked 70070B81
Clicked C70F0B81
Clicked C80F0B81
Clicked 861C0B81
Clicked 41110B81
Clicked 1E000B81
Clicked 1D000B81
Clicked 19000B81
Clicked 1D000B81
Clicked 1E000B81
Clicked 1F000B81
Clicked 20000B81
Clicked D6030B81
Clicked 3B20C080
Clicked 3820C080
Clicked FAEB8E80
Clicked 63E79380
Clicked 62E79380
Clicked 932FC080
Clicked 833CC080
Clicked 25E0FE80
Clicked 53E0FE80
Clicked 1DC0FF80
Clicked 53E0FE80
Clicked 25E0FE80
Clicked 9AC1FE80
Clicked 9CC1FE80
Clicked 9EC1FE80
Clicked 9FC1FE80
Clicked A0C1FE80
Clicked 4FC2FE80
Clicked 53C2FE80
Clicked 55C2FE80
Clicked 7EC2FE80
Clicked 53C7FE80
Clicked 81C7FE80
Clicked 82C7FE80
Clicked 87C7FE80
Clicked 9AC7FE80
Clicked 9DC7FE80
Clicked A0C7FE80
Clicked A5C7FE80
Clicked A6C7FE80
Clicked 4CC8FE80
Clicked 24CCFE80
Clicked 4CC8FE80
Clicked 24CCFE80
Clicked 25CCFE80
Clicked 26CCFE80
Clicked 38CCFE80
Clicked 3ACCFE80
Clicked 6DCCFE80
Clicked 44CEFE80
Clicked 65CEFE80
Clicked 33D0FE80
Clicked EFD0FE80
Clicked 47D5FE80
Clicked 43D5FE80
Clicked 44D5FE80
Clicked 8CD5FE80
Clicked 8CD5FE80
Clicked 8AD5FE80
Clicked 93D5FE80
Clicked 88DEFE80
Clicked 7FDEFE80
Clicked 70DEFE80
Clicked 21DEFE80
Clicked B2DBFE80
Clicked B2DBFE80
Clicked 30DBFE80
Clicked 4FD6FE80
Clicked 28D6FE80
Clicked 26D6FE80
